<?xml version="1.0" encoding="UTF-8"?>
<testsuite xmlns:xsi="http://www.w3.org/2001/XMLSchema-instance" xsi:noNamespaceSchemaLocation="https://maven.apache.org/surefire/maven-surefire-plugin/xsd/surefire-test-report.xsd" name="comontariotechusofe3980U.HelloControllerTest" time="0.251" tests="2" errors="0" skipped="0" failures="0">
  <properties>
    <property name="java.specification.version" value="16"/>
    <property name="sun.jnu.encoding" value="UTF-8"/>
    <property name="java.class.path" value="/Users/purthasmacbookpro/Webapp/target/test-classes:/Users/purthasmacbookpro/Webapp/target/classes:/Users/purthasmacbookpro/.m2/repository/org/springframework/boot/spring-boot-starter-web/2.1.2.RELEASE/spring-boot-starter-web-2.1.2.RELEASE.jar:/Users/purthasmacbookpro/.m2/repository/org/springframework/boot/spring-boot-starter/2.1.2.RELEASE/spring-boot-starter-2.1.2.RELEASE.jar:/Users/purthasmacbookpro/.m2/repository/org/springframework/boot/spring-boot-starter-logging/2.1.2.RELEASE/spring-boot-starter-logging-2.1.2.RELEASE.jar:/Users/purthasmacbookpro/.m2/repository/ch/qos/logback/logback-classic/1.2.3/logback-classic-1.2.3.jar:/Users/purthasmacbookpro/.m2/repository/ch/qos/logback/logback-core/1.2.3/logback-core-1.2.3.jar:/Users/purthasmacbookpro/.m2/repository/org/apache/logging/log4j/log4j-to-slf4j/2.11.1/log4j-to-slf4j-2.11.1.jar:/Users/purthasmacbookpro/.m2/repository/org/apache/logging/log4j/log4j-api/2.11.1/log4j-api-2.11.1.jar:/Users/purthasmacbookpro/.m2/repository/org/slf4j/jul-to-slf4j/1.7.25/jul-to-slf4j-1.7.25.jar:/Users/purthasmacbookpro/.m2/repository/javax/annotation/javax.annotation-api/1.3.2/javax.annotation-api-1.3.2.jar:/Users/purthasmacbookpro/.m2/repository/org/yaml/snakeyaml/1.23/snakeyaml-1.23.jar:/Users/purthasmacbookpro/.m2/repository/org/springframework/boot/spring-boot-starter-json/2.1.2.RELEASE/spring-boot-starter-json-2.1.2.RELEASE.jar:/Users/purthasmacbookpro/.m2/repository/com/fasterxml/jackson/core/jackson-databind/2.9.8/jackson-databind-2.9.8.jar:/Users/purthasmacbookpro/.m2/repository/com/fasterxml/jackson/core/jackson-annotations/2.9.0/jackson-annotations-2.9.0.jar:/Users/purthasmacbookpro/.m2/repository/com/fasterxml/jackson/core/jackson-core/2.9.8/jackson-core-2.9.8.jar:/Users/purthasmacbookpro/.m2/repository/com/fasterxml/jackson/datatype/jackson-datatype-jdk8/2.9.8/jackson-datatype-jdk8-2.9.8.jar:/Users/purthasmacbookpro/.m2/repository/com/fasterxml/jackson/datatype/jackson-datatype-jsr310/2.9.8/jackson-datatype-jsr310-2.9.8.jar:/Users/purthasmacbookpro/.m2/repository/com/fasterxml/jackson/module/jackson-module-parameter-names/2.9.8/jackson-module-parameter-names-2.9.8.jar:/Users/purthasmacbookpro/.m2/repository/org/springframework/boot/spring-boot-starter-tomcat/2.1.2.RELEASE/spring-boot-starter-tomcat-2.1.2.RELEASE.jar:/Users/purthasmacbookpro/.m2/repository/org/apache/tomcat/embed/tomcat-embed-core/9.0.14/tomcat-embed-core-9.0.14.jar:/Users/purthasmacbookpro/.m2/repository/org/apache/tomcat/embed/tomcat-embed-el/9.0.14/tomcat-embed-el-9.0.14.jar:/Users/purthasmacbookpro/.m2/repository/org/apache/tomcat/embed/tomcat-embed-websocket/9.0.14/tomcat-embed-websocket-9.0.14.jar:/Users/purthasmacbookpro/.m2/repository/org/hibernate/validator/hibernate-validator/6.0.14.Final/hibernate-validator-6.0.14.Final.jar:/Users/purthasmacbookpro/.m2/repository/javax/validation/validation-api/2.0.1.Final/validation-api-2.0.1.Final.jar:/Users/purthasmacbookpro/.m2/repository/org/jboss/logging/jboss-logging/3.3.2.Final/jboss-logging-3.3.2.Final.jar:/Users/purthasmacbookpro/.m2/repository/com/fasterxml/classmate/1.4.0/classmate-1.4.0.jar:/Users/purthasmacbookpro/.m2/repository/org/springframework/spring-web/5.1.4.RELEASE/spring-web-5.1.4.RELEASE.jar:/Users/purthasmacbookpro/.m2/repository/org/springframework/spring-beans/5.1.4.RELEASE/spring-beans-5.1.4.RELEASE.jar:/Users/purthasmacbookpro/.m2/repository/org/springframework/spring-webmvc/5.1.4.RELEASE/spring-webmvc-5.1.4.RELEASE.jar:/Users/purthasmacbookpro/.m2/repository/org/springframework/spring-aop/5.1.4.RELEASE/spring-aop-5.1.4.RELEASE.jar:/Users/purthasmacbookpro/.m2/repository/org/springframework/spring-context/5.1.4.RELEASE/spring-context-5.1.4.RELEASE.jar:/Users/purthasmacbookpro/.m2/repository/org/springframework/spring-expression/5.1.4.RELEASE/spring-expression-5.1.4.RELEASE.jar:/Users/purthasmacbookpro/.m2/repository/org/springframework/boot/spring-boot-starter-thymeleaf/2.1.2.RELEASE/spring-boot-starter-thymeleaf-2.1.2.RELEASE.jar:/Users/purthasmacbookpro/.m2/repository/org/thymeleaf/thymeleaf-spring5/3.0.11.RELEASE/thymeleaf-spring5-3.0.11.RELEASE.jar:/Users/purthasmacbookpro/.m2/repository/org/thymeleaf/thymeleaf/3.0.11.RELEASE/thymeleaf-3.0.11.RELEASE.jar:/Users/purthasmacbookpro/.m2/repository/org/attoparser/attoparser/2.0.5.RELEASE/attoparser-2.0.5.RELEASE.jar:/Users/purthasmacbookpro/.m2/repository/org/unbescape/unbescape/1.1.6.RELEASE/unbescape-1.1.6.RELEASE.jar:/Users/purthasmacbookpro/.m2/repository/org/slf4j/slf4j-api/1.7.25/slf4j-api-1.7.25.jar:/Users/purthasmacbookpro/.m2/repository/org/thymeleaf/extras/thymeleaf-extras-java8time/3.0.2.RELEASE/thymeleaf-extras-java8time-3.0.2.RELEASE.jar:/Users/purthasmacbookpro/.m2/repository/org/springframework/boot/spring-boot-starter-test/2.1.2.RELEASE/spring-boot-starter-test-2.1.2.RELEASE.jar:/Users/purthasmacbookpro/.m2/repository/org/springframework/boot/spring-boot-test/2.1.2.RELEASE/spring-boot-test-2.1.2.RELEASE.jar:/Users/purthasmacbookpro/.m2/repository/org/springframework/boot/spring-boot-test-autoconfigure/2.1.2.RELEASE/spring-boot-test-autoconfigure-2.1.2.RELEASE.jar:/Users/purthasmacbookpro/.m2/repository/com/jayway/jsonpath/json-path/2.4.0/json-path-2.4.0.jar:/Users/purthasmacbookpro/.m2/repository/net/minidev/json-smart/2.3/json-smart-2.3.jar:/Users/purthasmacbookpro/.m2/repository/net/minidev/accessors-smart/1.2/accessors-smart-1.2.jar:/Users/purthasmacbookpro/.m2/repository/junit/junit/4.12/junit-4.12.jar:/Users/purthasmacbookpro/.m2/repository/org/assertj/assertj-core/3.11.1/assertj-core-3.11.1.jar:/Users/purthasmacbookpro/.m2/repository/org/mockito/mockito-core/2.23.4/mockito-core-2.23.4.jar:/Users/purthasmacbookpro/.m2/repository/net/bytebuddy/byte-buddy/1.9.7/byte-buddy-1.9.7.jar:/Users/purthasmacbookpro/.m2/repository/net/bytebuddy/byte-buddy-agent/1.9.7/byte-buddy-agent-1.9.7.jar:/Users/purthasmacbookpro/.m2/repository/org/objenesis/objenesis/2.6/objenesis-2.6.jar:/Users/purthasmacbookpro/.m2/repository/org/hamcrest/hamcrest-core/1.3/hamcrest-core-1.3.jar:/Users/purthasmacbookpro/.m2/repository/org/hamcrest/hamcrest-library/1.3/hamcrest-library-1.3.jar:/Users/purthasmacbookpro/.m2/repository/org/skyscreamer/jsonassert/1.5.0/jsonassert-1.5.0.jar:/Users/purthasmacbookpro/.m2/repository/com/vaadin/external/google/android-json/0.0.20131108.vaadin1/android-json-0.0.20131108.vaadin1.jar:/Users/purthasmacbookpro/.m2/repository/org/springframework/spring-core/5.1.4.RELEASE/spring-core-5.1.4.RELEASE.jar:/Users/purthasmacbookpro/.m2/repository/org/springframework/spring-jcl/5.1.4.RELEASE/spring-jcl-5.1.4.RELEASE.jar:/Users/purthasmacbookpro/.m2/repository/org/springframework/spring-test/5.1.4.RELEASE/spring-test-5.1.4.RELEASE.jar:/Users/purthasmacbookpro/.m2/repository/org/xmlunit/xmlunit-core/2.6.2/xmlunit-core-2.6.2.jar:/Users/purthasmacbookpro/.m2/repository/javax/xml/bind/jaxb-api/2.3.1/jaxb-api-2.3.1.jar:/Users/purthasmacbookpro/.m2/repository/javax/activation/javax.activation-api/1.2.0/javax.activation-api-1.2.0.jar:/Users/purthasmacbookpro/.m2/repository/org/springframework/boot/spring-boot-devtools/2.1.2.RELEASE/spring-boot-devtools-2.1.2.RELEASE.jar:/Users/purthasmacbookpro/.m2/repository/org/springframework/boot/spring-boot/2.1.2.RELEASE/spring-boot-2.1.2.RELEASE.jar:/Users/purthasmacbookpro/.m2/repository/org/springframework/boot/spring-boot-autoconfigure/2.1.2.RELEASE/spring-boot-autoconfigure-2.1.2.RELEASE.jar:/Users/purthasmacbookpro/.m2/repository/org/apache/maven/plugins/maven-dependency-plugin/3.5.0/maven-dependency-plugin-3.5.0.jar:/Users/purthasmacbookpro/.m2/repository/org/apache/maven/reporting/maven-reporting-impl/3.2.0/maven-reporting-impl-3.2.0.jar:/Users/purthasmacbookpro/.m2/repository/org/apache/maven/reporting/maven-reporting-api/3.1.1/maven-reporting-api-3.1.1.jar:/Users/purthasmacbookpro/.m2/repository/org/apache/maven/maven-core/3.1.0/maven-core-3.1.0.jar:/Users/purthasmacbookpro/.m2/repository/org/apache/maven/maven-model/3.1.0/maven-model-3.1.0.jar:/Users/purthasmacbookpro/.m2/repository/org/apache/maven/maven-settings/3.1.0/maven-settings-3.1.0.jar:/Users/purthasmacbookpro/.m2/repository/org/apache/maven/maven-settings-builder/3.1.0/maven-settings-builder-3.1.0.jar:/Users/purthasmacbookpro/.m2/repository/org/apache/maven/maven-repository-metadata/3.1.0/maven-repository-metadata-3.1.0.jar:/Users/purthasmacbookpro/.m2/repository/org/apache/maven/maven-model-builder/3.1.0/maven-model-builder-3.1.0.jar:/Users/purthasmacbookpro/.m2/repository/org/apache/maven/maven-aether-provider/3.1.0/maven-aether-provider-3.1.0.jar:/Users/purthasmacbookpro/.m2/repository/org/eclipse/aether/aether-spi/0.9.0.M2/aether-spi-0.9.0.M2.jar:/Users/purthasmacbookpro/.m2/repository/org/eclipse/aether/aether-impl/0.9.0.M2/aether-impl-0.9.0.M2.jar:/Users/purthasmacbookpro/.m2/repository/org/eclipse/aether/aether-api/0.9.0.M2/aether-api-0.9.0.M2.jar:/Users/purthasmacbookpro/.m2/repository/org/eclipse/sisu/org.eclipse.sisu.plexus/0.0.0.M2a/org.eclipse.sisu.plexus-0.0.0.M2a.jar:/Users/purthasmacbookpro/.m2/repository/javax/enterprise/cdi-api/1.0/cdi-api-1.0.jar:/Users/purthasmacbookpro/.m2/repository/javax/annotation/jsr250-api/1.0/jsr250-api-1.0.jar:/Users/purthasmacbookpro/.m2/repository/com/google/guava/guava/10.0.1/guava-10.0.1.jar:/Users/purthasmacbookpro/.m2/repository/com/google/code/findbugs/jsr305/1.3.9/jsr305-1.3.9.jar:/Users/purthasmacbookpro/.m2/repository/org/sonatype/sisu/sisu-guice/3.1.0/sisu-guice-3.1.0-no_aop.jar:/Users/purthasmacbookpro/.m2/repository/aopalliance/aopalliance/1.0/aopalliance-1.0.jar:/Users/purthasmacbookpro/.m2/repository/org/eclipse/sisu/org.eclipse.sisu.inject/0.0.0.M2a/org.eclipse.sisu.inject-0.0.0.M2a.jar:/Users/purthasmacbookpro/.m2/repository/asm/asm/3.3.1/asm-3.3.1.jar:/Users/purthasmacbookpro/.m2/repository/org/codehaus/plexus/plexus-interpolation/1.16/plexus-interpolation-1.16.jar:/Users/purthasmacbookpro/.m2/repository/org/codehaus/plexus/plexus-classworlds/2.4.2/plexus-classworlds-2.4.2.jar:/Users/purthasmacbookpro/.m2/repository/org/sonatype/plexus/plexus-sec-dispatcher/1.3/plexus-sec-dispatcher-1.3.jar:/Users/purthasmacbookpro/.m2/repository/org/sonatype/plexus/plexus-cipher/1.4/plexus-cipher-1.4.jar:/Users/purthasmacbookpro/.m2/repository/org/apache/maven/maven-artifact/3.1.0/maven-artifact-3.1.0.jar:/Users/purthasmacbookpro/.m2/repository/org/apache/maven/maven-plugin-api/3.1.0/maven-plugin-api-3.1.0.jar:/Users/purthasmacbookpro/.m2/repository/org/apache/maven/doxia/doxia-sink-api/1.11.1/doxia-sink-api-1.11.1.jar:/Users/purthasmacbookpro/.m2/repository/org/apache/maven/doxia/doxia-logging-api/1.11.1/doxia-logging-api-1.11.1.jar:/Users/purthasmacbookpro/.m2/repository/org/apache/maven/doxia/doxia-decoration-model/1.11.1/doxia-decoration-model-1.11.1.jar:/Users/purthasmacbookpro/.m2/repository/org/apache/maven/doxia/doxia-core/1.11.1/doxia-core-1.11.1.jar:/Users/purthasmacbookpro/.m2/repository/org/codehaus/plexus/plexus-container-default/2.1.0/plexus-container-default-2.1.0.jar:/Users/purthasmacbookpro/.m2/repository/org/apache/xbean/xbean-reflect/3.7/xbean-reflect-3.7.jar:/Users/purthasmacbookpro/.m2/repository/com/google/collections/google-collections/1.0/google-collections-1.0.jar:/Users/purthasmacbookpro/.m2/repository/org/apache/commons/commons-lang3/3.8.1/commons-lang3-3.8.1.jar:/Users/purthasmacbookpro/.m2/repository/org/apache/commons/commons-text/1.3/commons-text-1.3.jar:/Users/purthasmacbookpro/.m2/repository/org/apache/httpcomponents/httpclient/4.5.6/httpclient-4.5.6.jar:/Users/purthasmacbookpro/.m2/repository/commons-codec/commons-codec/1.11/commons-codec-1.11.jar:/Users/purthasmacbookpro/.m2/repository/org/apache/httpcomponents/httpcore/4.4.10/httpcore-4.4.10.jar:/Users/purthasmacbookpro/.m2/repository/org/apache/maven/doxia/doxia-integration-tools/1.11.1/doxia-integration-tools-1.11.1.jar:/Users/purthasmacbookpro/.m2/repository/org/codehaus/plexus/plexus-i18n/1.0-beta-10/plexus-i18n-1.0-beta-10.jar:/Users/purthasmacbookpro/.m2/repository/org/apache/maven/doxia/doxia-site-renderer/1.11.1/doxia-site-renderer-1.11.1.jar:/Users/purthasmacbookpro/.m2/repository/org/apache/maven/doxia/doxia-skin-model/1.11.1/doxia-skin-model-1.11.1.jar:/Users/purthasmacbookpro/.m2/repository/org/apache/maven/doxia/doxia-module-xhtml/1.11.1/doxia-module-xhtml-1.11.1.jar:/Users/purthasmacbookpro/.m2/repository/org/apache/maven/doxia/doxia-module-xhtml5/1.11.1/doxia-module-xhtml5-1.11.1.jar:/Users/purthasmacbookpro/.m2/repository/org/codehaus/plexus/plexus-velocity/1.2/plexus-velocity-1.2.jar:/Users/purthasmacbookpro/.m2/repository/org/apache/velocity/velocity/1.7/velocity-1.7.jar:/Users/purthasmacbookpro/.m2/repository/commons-lang/commons-lang/2.4/commons-lang-2.4.jar:/Users/purthasmacbookpro/.m2/repository/org/apache/velocity/velocity-tools/2.0/velocity-tools-2.0.jar:/Users/purthasmacbookpro/.m2/repository/commons-beanutils/commons-beanutils/1.7.0/commons-beanutils-1.7.0.jar:/Users/purthasmacbookpro/.m2/repository/commons-digester/commons-digester/1.8/commons-digester-1.8.jar:/Users/purthasmacbookpro/.m2/repository/commons-chain/commons-chain/1.1/commons-chain-1.1.jar:/Users/purthasmacbookpro/.m2/repository/commons-logging/commons-logging/1.1/commons-logging-1.1.jar:/Users/purthasmacbookpro/.m2/repository/dom4j/dom4j/1.6.1/dom4j-1.6.1.jar:/Users/purthasmacbookpro/.m2/repository/xml-apis/xml-apis/1.4.01/xml-apis-1.4.01.jar:/Users/purthasmacbookpro/.m2/repository/oro/oro/2.0.8/oro-2.0.8.jar:/Users/purthasmacbookpro/.m2/repository/commons-collections/commons-collections/3.2.2/commons-collections-3.2.2.jar:/Users/purthasmacbookpro/.m2/repository/commons-io/commons-io/2.11.0/commons-io-2.11.0.jar:/Users/purthasmacbookpro/.m2/repository/org/codehaus/plexus/plexus-archiver/4.6.0/plexus-archiver-4.6.0.jar:/Users/purthasmacbookpro/.m2/repository/javax/inject/javax.inject/1/javax.inject-1.jar:/Users/purthasmacbookpro/.m2/repository/org/apache/commons/commons-compress/1.21/commons-compress-1.21.jar:/Users/purthasmacbookpro/.m2/repository/org/iq80/snappy/snappy/0.4/snappy-0.4.jar:/Users/purthasmacbookpro/.m2/repository/org/tukaani/xz/1.9/xz-1.9.jar:/Users/purthasmacbookpro/.m2/repository/com/github/luben/zstd-jni/1.5.2-5/zstd-jni-1.5.2-5.jar:/Users/purthasmacbookpro/.m2/repository/org/codehaus/plexus/plexus-utils/3.5.0/plexus-utils-3.5.0.jar:/Users/purthasmacbookpro/.m2/repository/org/codehaus/plexus/plexus-io/3.4.0/plexus-io-3.4.0.jar:/Users/purthasmacbookpro/.m2/repository/org/apache/maven/shared/maven-dependency-analyzer/1.13.0/maven-dependency-analyzer-1.13.0.jar:/Users/purthasmacbookpro/.m2/repository/org/ow2/asm/asm/9.3/asm-9.3.jar:/Users/purthasmacbookpro/.m2/repository/org/apache/maven/shared/maven-dependency-tree/3.2.1/maven-dependency-tree-3.2.1.jar:/Users/purthasmacbookpro/.m2/repository/org/eclipse/aether/aether-util/1.0.0.v20140518/aether-util-1.0.0.v20140518.jar:/Users/purthasmacbookpro/.m2/repository/org/apache/maven/shared/maven-common-artifact-filters/3.3.2/maven-common-artifact-filters-3.3.2.jar:/Users/purthasmacbookpro/.m2/repository/org/apache/maven/shared/maven-artifact-transfer/0.13.1/maven-artifact-transfer-0.13.1.jar:/Users/purthasmacbookpro/.m2/repository/org/codehaus/plexus/plexus-component-annotations/2.0.0/plexus-component-annotations-2.0.0.jar:/Users/purthasmacbookpro/.m2/repository/org/apache/maven/shared/maven-shared-utils/3.3.4/maven-shared-utils-3.3.4.jar:/Users/purthasmacbookpro/.m2/repository/org/apache/commons/commons-collections4/4.2/commons-collections4-4.2.jar:/Users/purthasmacbookpro/.m2/repository/org/sonatype/plexus/plexus-build-api/0.0.7/plexus-build-api-0.0.7.jar:"/>
    <property name="java.vm.vendor" value="Eclipse Foundation"/>
    <property name="sun.arch.data.model" value="64"/>
    <property name="java.vendor.url" value="https://adoptium.net/"/>
    <property name="os.name" value="Mac OS X"/>
    <property name="java.vm.specification.version" value="16"/>
    <property name="sun.java.launcher" value="SUN_STANDARD"/>
    <property name="user.country" value="CA"/>
    <property name="sun.boot.library.path" value="/Library/Java/JavaVirtualMachines/temurin-16.jdk/Contents/Home/lib"/>
    <property name="sun.java.command" value="/Users/purthasmacbookpro/Webapp/target/surefire/surefirebooter8050554799297234375.jar /Users/purthasmacbookpro/Webapp/target/surefire 2023-02-19T22-55-08_801-jvmRun1 surefire4296951181374710241tmp surefire_01081053974018450904tmp"/>
    <property name="http.nonProxyHosts" value="local|*.local|169.254/16|*.169.254/16"/>
    <property name="jdk.debug" value="release"/>
    <property name="surefire.test.class.path" value="/Users/purthasmacbookpro/Webapp/target/test-classes:/Users/purthasmacbookpro/Webapp/target/classes:/Users/purthasmacbookpro/.m2/repository/org/springframework/boot/spring-boot-starter-web/2.1.2.RELEASE/spring-boot-starter-web-2.1.2.RELEASE.jar:/Users/purthasmacbookpro/.m2/repository/org/springframework/boot/spring-boot-starter/2.1.2.RELEASE/spring-boot-starter-2.1.2.RELEASE.jar:/Users/purthasmacbookpro/.m2/repository/org/springframework/boot/spring-boot-starter-logging/2.1.2.RELEASE/spring-boot-starter-logging-2.1.2.RELEASE.jar:/Users/purthasmacbookpro/.m2/repository/ch/qos/logback/logback-classic/1.2.3/logback-classic-1.2.3.jar:/Users/purthasmacbookpro/.m2/repository/ch/qos/logback/logback-core/1.2.3/logback-core-1.2.3.jar:/Users/purthasmacbookpro/.m2/repository/org/apache/logging/log4j/log4j-to-slf4j/2.11.1/log4j-to-slf4j-2.11.1.jar:/Users/purthasmacbookpro/.m2/repository/org/apache/logging/log4j/log4j-api/2.11.1/log4j-api-2.11.1.jar:/Users/purthasmacbookpro/.m2/repository/org/slf4j/jul-to-slf4j/1.7.25/jul-to-slf4j-1.7.25.jar:/Users/purthasmacbookpro/.m2/repository/javax/annotation/javax.annotation-api/1.3.2/javax.annotation-api-1.3.2.jar:/Users/purthasmacbookpro/.m2/repository/org/yaml/snakeyaml/1.23/snakeyaml-1.23.jar:/Users/purthasmacbookpro/.m2/repository/org/springframework/boot/spring-boot-starter-json/2.1.2.RELEASE/spring-boot-starter-json-2.1.2.RELEASE.jar:/Users/purthasmacbookpro/.m2/repository/com/fasterxml/jackson/core/jackson-databind/2.9.8/jackson-databind-2.9.8.jar:/Users/purthasmacbookpro/.m2/repository/com/fasterxml/jackson/core/jackson-annotations/2.9.0/jackson-annotations-2.9.0.jar:/Users/purthasmacbookpro/.m2/repository/com/fasterxml/jackson/core/jackson-core/2.9.8/jackson-core-2.9.8.jar:/Users/purthasmacbookpro/.m2/repository/com/fasterxml/jackson/datatype/jackson-datatype-jdk8/2.9.8/jackson-datatype-jdk8-2.9.8.jar:/Users/purthasmacbookpro/.m2/repository/com/fasterxml/jackson/datatype/jackson-datatype-jsr310/2.9.8/jackson-datatype-jsr310-2.9.8.jar:/Users/purthasmacbookpro/.m2/repository/com/fasterxml/jackson/module/jackson-module-parameter-names/2.9.8/jackson-module-parameter-names-2.9.8.jar:/Users/purthasmacbookpro/.m2/repository/org/springframework/boot/spring-boot-starter-tomcat/2.1.2.RELEASE/spring-boot-starter-tomcat-2.1.2.RELEASE.jar:/Users/purthasmacbookpro/.m2/repository/org/apache/tomcat/embed/tomcat-embed-core/9.0.14/tomcat-embed-core-9.0.14.jar:/Users/purthasmacbookpro/.m2/repository/org/apache/tomcat/embed/tomcat-embed-el/9.0.14/tomcat-embed-el-9.0.14.jar:/Users/purthasmacbookpro/.m2/repository/org/apache/tomcat/embed/tomcat-embed-websocket/9.0.14/tomcat-embed-websocket-9.0.14.jar:/Users/purthasmacbookpro/.m2/repository/org/hibernate/validator/hibernate-validator/6.0.14.Final/hibernate-validator-6.0.14.Final.jar:/Users/purthasmacbookpro/.m2/repository/javax/validation/validation-api/2.0.1.Final/validation-api-2.0.1.Final.jar:/Users/purthasmacbookpro/.m2/repository/org/jboss/logging/jboss-logging/3.3.2.Final/jboss-logging-3.3.2.Final.jar:/Users/purthasmacbookpro/.m2/repository/com/fasterxml/classmate/1.4.0/classmate-1.4.0.jar:/Users/purthasmacbookpro/.m2/repository/org/springframework/spring-web/5.1.4.RELEASE/spring-web-5.1.4.RELEASE.jar:/Users/purthasmacbookpro/.m2/repository/org/springframework/spring-beans/5.1.4.RELEASE/spring-beans-5.1.4.RELEASE.jar:/Users/purthasmacbookpro/.m2/repository/org/springframework/spring-webmvc/5.1.4.RELEASE/spring-webmvc-5.1.4.RELEASE.jar:/Users/purthasmacbookpro/.m2/repository/org/springframework/spring-aop/5.1.4.RELEASE/spring-aop-5.1.4.RELEASE.jar:/Users/purthasmacbookpro/.m2/repository/org/springframework/spring-context/5.1.4.RELEASE/spring-context-5.1.4.RELEASE.jar:/Users/purthasmacbookpro/.m2/repository/org/springframework/spring-expression/5.1.4.RELEASE/spring-expression-5.1.4.RELEASE.jar:/Users/purthasmacbookpro/.m2/repository/org/springframework/boot/spring-boot-starter-thymeleaf/2.1.2.RELEASE/spring-boot-starter-thymeleaf-2.1.2.RELEASE.jar:/Users/purthasmacbookpro/.m2/repository/org/thymeleaf/thymeleaf-spring5/3.0.11.RELEASE/thymeleaf-spring5-3.0.11.RELEASE.jar:/Users/purthasmacbookpro/.m2/repository/org/thymeleaf/thymeleaf/3.0.11.RELEASE/thymeleaf-3.0.11.RELEASE.jar:/Users/purthasmacbookpro/.m2/repository/org/attoparser/attoparser/2.0.5.RELEASE/attoparser-2.0.5.RELEASE.jar:/Users/purthasmacbookpro/.m2/repository/org/unbescape/unbescape/1.1.6.RELEASE/unbescape-1.1.6.RELEASE.jar:/Users/purthasmacbookpro/.m2/repository/org/slf4j/slf4j-api/1.7.25/slf4j-api-1.7.25.jar:/Users/purthasmacbookpro/.m2/repository/org/thymeleaf/extras/thymeleaf-extras-java8time/3.0.2.RELEASE/thymeleaf-extras-java8time-3.0.2.RELEASE.jar:/Users/purthasmacbookpro/.m2/repository/org/springframework/boot/spring-boot-starter-test/2.1.2.RELEASE/spring-boot-starter-test-2.1.2.RELEASE.jar:/Users/purthasmacbookpro/.m2/repository/org/springframework/boot/spring-boot-test/2.1.2.RELEASE/spring-boot-test-2.1.2.RELEASE.jar:/Users/purthasmacbookpro/.m2/repository/org/springframework/boot/spring-boot-test-autoconfigure/2.1.2.RELEASE/spring-boot-test-autoconfigure-2.1.2.RELEASE.jar:/Users/purthasmacbookpro/.m2/repository/com/jayway/jsonpath/json-path/2.4.0/json-path-2.4.0.jar:/Users/purthasmacbookpro/.m2/repository/net/minidev/json-smart/2.3/json-smart-2.3.jar:/Users/purthasmacbookpro/.m2/repository/net/minidev/accessors-smart/1.2/accessors-smart-1.2.jar:/Users/purthasmacbookpro/.m2/repository/junit/junit/4.12/junit-4.12.jar:/Users/purthasmacbookpro/.m2/repository/org/assertj/assertj-core/3.11.1/assertj-core-3.11.1.jar:/Users/purthasmacbookpro/.m2/repository/org/mockito/mockito-core/2.23.4/mockito-core-2.23.4.jar:/Users/purthasmacbookpro/.m2/repository/net/bytebuddy/byte-buddy/1.9.7/byte-buddy-1.9.7.jar:/Users/purthasmacbookpro/.m2/repository/net/bytebuddy/byte-buddy-agent/1.9.7/byte-buddy-agent-1.9.7.jar:/Users/purthasmacbookpro/.m2/repository/org/objenesis/objenesis/2.6/objenesis-2.6.jar:/Users/purthasmacbookpro/.m2/repository/org/hamcrest/hamcrest-core/1.3/hamcrest-core-1.3.jar:/Users/purthasmacbookpro/.m2/repository/org/hamcrest/hamcrest-library/1.3/hamcrest-library-1.3.jar:/Users/purthasmacbookpro/.m2/repository/org/skyscreamer/jsonassert/1.5.0/jsonassert-1.5.0.jar:/Users/purthasmacbookpro/.m2/repository/com/vaadin/external/google/android-json/0.0.20131108.vaadin1/android-json-0.0.20131108.vaadin1.jar:/Users/purthasmacbookpro/.m2/repository/org/springframework/spring-core/5.1.4.RELEASE/spring-core-5.1.4.RELEASE.jar:/Users/purthasmacbookpro/.m2/repository/org/springframework/spring-jcl/5.1.4.RELEASE/spring-jcl-5.1.4.RELEASE.jar:/Users/purthasmacbookpro/.m2/repository/org/springframework/spring-test/5.1.4.RELEASE/spring-test-5.1.4.RELEASE.jar:/Users/purthasmacbookpro/.m2/repository/org/xmlunit/xmlunit-core/2.6.2/xmlunit-core-2.6.2.jar:/Users/purthasmacbookpro/.m2/repository/javax/xml/bind/jaxb-api/2.3.1/jaxb-api-2.3.1.jar:/Users/purthasmacbookpro/.m2/repository/javax/activation/javax.activation-api/1.2.0/javax.activation-api-1.2.0.jar:/Users/purthasmacbookpro/.m2/repository/org/springframework/boot/spring-boot-devtools/2.1.2.RELEASE/spring-boot-devtools-2.1.2.RELEASE.jar:/Users/purthasmacbookpro/.m2/repository/org/springframework/boot/spring-boot/2.1.2.RELEASE/spring-boot-2.1.2.RELEASE.jar:/Users/purthasmacbookpro/.m2/repository/org/springframework/boot/spring-boot-autoconfigure/2.1.2.RELEASE/spring-boot-autoconfigure-2.1.2.RELEASE.jar:/Users/purthasmacbookpro/.m2/repository/org/apache/maven/plugins/maven-dependency-plugin/3.5.0/maven-dependency-plugin-3.5.0.jar:/Users/purthasmacbookpro/.m2/repository/org/apache/maven/reporting/maven-reporting-impl/3.2.0/maven-reporting-impl-3.2.0.jar:/Users/purthasmacbookpro/.m2/repository/org/apache/maven/reporting/maven-reporting-api/3.1.1/maven-reporting-api-3.1.1.jar:/Users/purthasmacbookpro/.m2/repository/org/apache/maven/maven-core/3.1.0/maven-core-3.1.0.jar:/Users/purthasmacbookpro/.m2/repository/org/apache/maven/maven-model/3.1.0/maven-model-3.1.0.jar:/Users/purthasmacbookpro/.m2/repository/org/apache/maven/maven-settings/3.1.0/maven-settings-3.1.0.jar:/Users/purthasmacbookpro/.m2/repository/org/apache/maven/maven-settings-builder/3.1.0/maven-settings-builder-3.1.0.jar:/Users/purthasmacbookpro/.m2/repository/org/apache/maven/maven-repository-metadata/3.1.0/maven-repository-metadata-3.1.0.jar:/Users/purthasmacbookpro/.m2/repository/org/apache/maven/maven-model-builder/3.1.0/maven-model-builder-3.1.0.jar:/Users/purthasmacbookpro/.m2/repository/org/apache/maven/maven-aether-provider/3.1.0/maven-aether-provider-3.1.0.jar:/Users/purthasmacbookpro/.m2/repository/org/eclipse/aether/aether-spi/0.9.0.M2/aether-spi-0.9.0.M2.jar:/Users/purthasmacbookpro/.m2/repository/org/eclipse/aether/aether-impl/0.9.0.M2/aether-impl-0.9.0.M2.jar:/Users/purthasmacbookpro/.m2/repository/org/eclipse/aether/aether-api/0.9.0.M2/aether-api-0.9.0.M2.jar:/Users/purthasmacbookpro/.m2/repository/org/eclipse/sisu/org.eclipse.sisu.plexus/0.0.0.M2a/org.eclipse.sisu.plexus-0.0.0.M2a.jar:/Users/purthasmacbookpro/.m2/repository/javax/enterprise/cdi-api/1.0/cdi-api-1.0.jar:/Users/purthasmacbookpro/.m2/repository/javax/annotation/jsr250-api/1.0/jsr250-api-1.0.jar:/Users/purthasmacbookpro/.m2/repository/com/google/guava/guava/10.0.1/guava-10.0.1.jar:/Users/purthasmacbookpro/.m2/repository/com/google/code/findbugs/jsr305/1.3.9/jsr305-1.3.9.jar:/Users/purthasmacbookpro/.m2/repository/org/sonatype/sisu/sisu-guice/3.1.0/sisu-guice-3.1.0-no_aop.jar:/Users/purthasmacbookpro/.m2/repository/aopalliance/aopalliance/1.0/aopalliance-1.0.jar:/Users/purthasmacbookpro/.m2/repository/org/eclipse/sisu/org.eclipse.sisu.inject/0.0.0.M2a/org.eclipse.sisu.inject-0.0.0.M2a.jar:/Users/purthasmacbookpro/.m2/repository/asm/asm/3.3.1/asm-3.3.1.jar:/Users/purthasmacbookpro/.m2/repository/org/codehaus/plexus/plexus-interpolation/1.16/plexus-interpolation-1.16.jar:/Users/purthasmacbookpro/.m2/repository/org/codehaus/plexus/plexus-classworlds/2.4.2/plexus-classworlds-2.4.2.jar:/Users/purthasmacbookpro/.m2/repository/org/sonatype/plexus/plexus-sec-dispatcher/1.3/plexus-sec-dispatcher-1.3.jar:/Users/purthasmacbookpro/.m2/repository/org/sonatype/plexus/plexus-cipher/1.4/plexus-cipher-1.4.jar:/Users/purthasmacbookpro/.m2/repository/org/apache/maven/maven-artifact/3.1.0/maven-artifact-3.1.0.jar:/Users/purthasmacbookpro/.m2/repository/org/apache/maven/maven-plugin-api/3.1.0/maven-plugin-api-3.1.0.jar:/Users/purthasmacbookpro/.m2/repository/org/apache/maven/doxia/doxia-sink-api/1.11.1/doxia-sink-api-1.11.1.jar:/Users/purthasmacbookpro/.m2/repository/org/apache/maven/doxia/doxia-logging-api/1.11.1/doxia-logging-api-1.11.1.jar:/Users/purthasmacbookpro/.m2/repository/org/apache/maven/doxia/doxia-decoration-model/1.11.1/doxia-decoration-model-1.11.1.jar:/Users/purthasmacbookpro/.m2/repository/org/apache/maven/doxia/doxia-core/1.11.1/doxia-core-1.11.1.jar:/Users/purthasmacbookpro/.m2/repository/org/codehaus/plexus/plexus-container-default/2.1.0/plexus-container-default-2.1.0.jar:/Users/purthasmacbookpro/.m2/repository/org/apache/xbean/xbean-reflect/3.7/xbean-reflect-3.7.jar:/Users/purthasmacbookpro/.m2/repository/com/google/collections/google-collections/1.0/google-collections-1.0.jar:/Users/purthasmacbookpro/.m2/repository/org/apache/commons/commons-lang3/3.8.1/commons-lang3-3.8.1.jar:/Users/purthasmacbookpro/.m2/repository/org/apache/commons/commons-text/1.3/commons-text-1.3.jar:/Users/purthasmacbookpro/.m2/repository/org/apache/httpcomponents/httpclient/4.5.6/httpclient-4.5.6.jar:/Users/purthasmacbookpro/.m2/repository/commons-codec/commons-codec/1.11/commons-codec-1.11.jar:/Users/purthasmacbookpro/.m2/repository/org/apache/httpcomponents/httpcore/4.4.10/httpcore-4.4.10.jar:/Users/purthasmacbookpro/.m2/repository/org/apache/maven/doxia/doxia-integration-tools/1.11.1/doxia-integration-tools-1.11.1.jar:/Users/purthasmacbookpro/.m2/repository/org/codehaus/plexus/plexus-i18n/1.0-beta-10/plexus-i18n-1.0-beta-10.jar:/Users/purthasmacbookpro/.m2/repository/org/apache/maven/doxia/doxia-site-renderer/1.11.1/doxia-site-renderer-1.11.1.jar:/Users/purthasmacbookpro/.m2/repository/org/apache/maven/doxia/doxia-skin-model/1.11.1/doxia-skin-model-1.11.1.jar:/Users/purthasmacbookpro/.m2/repository/org/apache/maven/doxia/doxia-module-xhtml/1.11.1/doxia-module-xhtml-1.11.1.jar:/Users/purthasmacbookpro/.m2/repository/org/apache/maven/doxia/doxia-module-xhtml5/1.11.1/doxia-module-xhtml5-1.11.1.jar:/Users/purthasmacbookpro/.m2/repository/org/codehaus/plexus/plexus-velocity/1.2/plexus-velocity-1.2.jar:/Users/purthasmacbookpro/.m2/repository/org/apache/velocity/velocity/1.7/velocity-1.7.jar:/Users/purthasmacbookpro/.m2/repository/commons-lang/commons-lang/2.4/commons-lang-2.4.jar:/Users/purthasmacbookpro/.m2/repository/org/apache/velocity/velocity-tools/2.0/velocity-tools-2.0.jar:/Users/purthasmacbookpro/.m2/repository/commons-beanutils/commons-beanutils/1.7.0/commons-beanutils-1.7.0.jar:/Users/purthasmacbookpro/.m2/repository/commons-digester/commons-digester/1.8/commons-digester-1.8.jar:/Users/purthasmacbookpro/.m2/repository/commons-chain/commons-chain/1.1/commons-chain-1.1.jar:/Users/purthasmacbookpro/.m2/repository/commons-logging/commons-logging/1.1/commons-logging-1.1.jar:/Users/purthasmacbookpro/.m2/repository/dom4j/dom4j/1.6.1/dom4j-1.6.1.jar:/Users/purthasmacbookpro/.m2/repository/xml-apis/xml-apis/1.4.01/xml-apis-1.4.01.jar:/Users/purthasmacbookpro/.m2/repository/oro/oro/2.0.8/oro-2.0.8.jar:/Users/purthasmacbookpro/.m2/repository/commons-collections/commons-collections/3.2.2/commons-collections-3.2.2.jar:/Users/purthasmacbookpro/.m2/repository/commons-io/commons-io/2.11.0/commons-io-2.11.0.jar:/Users/purthasmacbookpro/.m2/repository/org/codehaus/plexus/plexus-archiver/4.6.0/plexus-archiver-4.6.0.jar:/Users/purthasmacbookpro/.m2/repository/javax/inject/javax.inject/1/javax.inject-1.jar:/Users/purthasmacbookpro/.m2/repository/org/apache/commons/commons-compress/1.21/commons-compress-1.21.jar:/Users/purthasmacbookpro/.m2/repository/org/iq80/snappy/snappy/0.4/snappy-0.4.jar:/Users/purthasmacbookpro/.m2/repository/org/tukaani/xz/1.9/xz-1.9.jar:/Users/purthasmacbookpro/.m2/repository/com/github/luben/zstd-jni/1.5.2-5/zstd-jni-1.5.2-5.jar:/Users/purthasmacbookpro/.m2/repository/org/codehaus/plexus/plexus-utils/3.5.0/plexus-utils-3.5.0.jar:/Users/purthasmacbookpro/.m2/repository/org/codehaus/plexus/plexus-io/3.4.0/plexus-io-3.4.0.jar:/Users/purthasmacbookpro/.m2/repository/org/apache/maven/shared/maven-dependency-analyzer/1.13.0/maven-dependency-analyzer-1.13.0.jar:/Users/purthasmacbookpro/.m2/repository/org/ow2/asm/asm/9.3/asm-9.3.jar:/Users/purthasmacbookpro/.m2/repository/org/apache/maven/shared/maven-dependency-tree/3.2.1/maven-dependency-tree-3.2.1.jar:/Users/purthasmacbookpro/.m2/repository/org/eclipse/aether/aether-util/1.0.0.v20140518/aether-util-1.0.0.v20140518.jar:/Users/purthasmacbookpro/.m2/repository/org/apache/maven/shared/maven-common-artifact-filters/3.3.2/maven-common-artifact-filters-3.3.2.jar:/Users/purthasmacbookpro/.m2/repository/org/apache/maven/shared/maven-artifact-transfer/0.13.1/maven-artifact-transfer-0.13.1.jar:/Users/purthasmacbookpro/.m2/repository/org/codehaus/plexus/plexus-component-annotations/2.0.0/plexus-component-annotations-2.0.0.jar:/Users/purthasmacbookpro/.m2/repository/org/apache/maven/shared/maven-shared-utils/3.3.4/maven-shared-utils-3.3.4.jar:/Users/purthasmacbookpro/.m2/repository/org/apache/commons/commons-collections4/4.2/commons-collections4-4.2.jar:/Users/purthasmacbookpro/.m2/repository/org/sonatype/plexus/plexus-build-api/0.0.7/plexus-build-api-0.0.7.jar:"/>
    <property name="sun.cpu.endian" value="little"/>
    <property name="user.home" value="/Users/purthasmacbookpro"/>
    <property name="user.language" value="en"/>
    <property name="java.specification.vendor" value="Oracle Corporation"/>
    <property name="java.version.date" value="2021-07-20"/>
    <property name="java.home" value="/Library/Java/JavaVirtualMachines/temurin-16.jdk/Contents/Home"/>
    <property name="file.separator" value="/"/>
    <property name="basedir" value="/Users/purthasmacbookpro/Webapp"/>
    <property name="java.vm.compressedOopsMode" value="Zero based"/>
    <property name="line.separator" value="&#10;"/>
    <property name="java.specification.name" value="Java Platform API Specification"/>
    <property name="java.vm.specification.vendor" value="Oracle Corporation"/>
    <property name="surefire.real.class.path" value="/Users/purthasmacbookpro/Webapp/target/surefire/surefirebooter8050554799297234375.jar"/>
    <property name="sun.management.compiler" value="HotSpot 64-Bit Tiered Compilers"/>
    <property name="ftp.nonProxyHosts" value="local|*.local|169.254/16|*.169.254/16"/>
    <property name="java.runtime.version" value="16.0.2+7"/>
    <property name="user.name" value="purthasmacbookpro"/>
    <property name="path.separator" value=":"/>
    <property name="os.version" value="11.2"/>
    <property name="java.runtime.name" value="OpenJDK Runtime Environment"/>
    <property name="file.encoding" value="UTF-8"/>
    <property name="java.vm.name" value="OpenJDK 64-Bit Server VM"/>
    <property name="java.vendor.version" value="Temurin-16.0.2+7"/>
    <property name="localRepository" value="/Users/purthasmacbookpro/.m2/repository"/>
    <property name="java.vendor.url.bug" value="https://github.com/adoptium/adoptium-support/issues"/>
    <property name="java.io.tmpdir" value="/var/folders/w8/mnscyg917c11hjdybw3887x80000gn/T/"/>
    <property name="java.version" value="16.0.2"/>
    <property name="user.dir" value="/Users/purthasmacbookpro/Webapp"/>
    <property name="os.arch" value="x86_64"/>
    <property name="java.vm.specification.name" value="Java Virtual Machine Specification"/>
    <property name="java.library.path" value="/Users/purthasmacbookpro/Library/Java/Extensions:/Library/Java/Extensions:/Network/Library/Java/Extensions:/System/Library/Java/Extensions:/usr/lib/java:."/>
    <property name="java.vm.info" value="mixed mode, sharing"/>
    <property name="java.vendor" value="Eclipse Foundation"/>
    <property name="java.vm.version" value="16.0.2+7"/>
    <property name="sun.io.unicode.encoding" value="UnicodeBig"/>
    <property name="socksNonProxyHosts" value="local|*.local|169.254/16|*.169.254/16"/>
    <property name="java.class.version" value="60.0"/>
  </properties>
  <testcase name="getDefault" classname="comontariotechusofe3980U.HelloControllerTest" time="0.015"/>
  <testcase name="helloWithName" classname="comontariotechusofe3980U.HelloControllerTest" time="0.003"/>
</testsuite>